Warning: No PCF file specified; IO pins will be placed automatically

Info: Packing constants..
Info: Packing IOs..
Info: Packing LUT-FFs..
Info:       91 LCs used as LUT4 only
Info:       51 LCs used as LUT4 and DFF
Info: Packing non-LUT FFs..
Info:       71 LCs used as DFF only
Info: Packing carries..
Info:       60 LCs used as CARRY only
Info: Packing indirect carry+LUT pairs...
Info:       60 LUTs merged into carry LCs
Info: Packing RAMs..
Info: Placing PLLs..
Info: Packing special functions..
Info: Packing PLLs..
Info: Promoting globals..
Info: promoting clk$SB_IO_IN (fanout 134)
Info: promoting rst_n_SB_LUT4_I3_O [reset] (fanout 109)
Info: promoting $PACKER_GND_NET (fanout 12)
Info: Constraining chains...
Info:        1 LCs used to legalise carry chains.
Info: Checksum: 0xef5116bd

Info: Device utilisation:
Info: 	         ICESTORM_LC:     216/   5280     4%
Info: 	        ICESTORM_RAM:      12/     30    40%
Info: 	               SB_IO:      23/     39    58%
Info: 	               SB_GB:       3/      8    37%
Info: 	        ICESTORM_PLL:       0/      1     0%
Info: 	         SB_WARMBOOT:       0/      1     0%
Info: 	        ICESTORM_DSP:       0/      8     0%
Info: 	      ICESTORM_HFOSC:       0/      1     0%
Info: 	      ICESTORM_LFOSC:       0/      1     0%
Info: 	              SB_I2C:       0/      2     0%
Info: 	              SB_SPI:       0/      2     0%
Info: 	              IO_I3C:       0/      2     0%
Info: 	         SB_LEDDA_IP:       0/      1     0%
Info: 	         SB_RGBA_DRV:       0/      1     0%
Info: 	      ICESTORM_SPRAM:       0/      4     0%

Info: Placed 0 cells based on constraints.
Info: Creating initial analytic placement for 154 cells, random placement wirelen = 4958.
Info:     at initial placer iter 0, wirelen = 440
Info:     at initial placer iter 1, wirelen = 400
Info:     at initial placer iter 2, wirelen = 402
Info:     at initial placer iter 3, wirelen = 400
Info: Running main analytical placer, max placement attempts per cell = 10000.
Info:     at iteration #1, type ICESTORM_LC: wirelen solved = 431, spread = 832, legal = 1052; time = 0.01s
Info:     at iteration #1, type SB_GB: wirelen solved = 1050, spread = 1050, legal = 1058; time = 0.00s
Info:     at iteration #1, type ICESTORM_RAM: wirelen solved = 919, spread = 1264, legal = 1464; time = 0.00s
Info:     at iteration #1, type ALL: wirelen solved = 431, spread = 1203, legal = 1435; time = 0.01s
Info:     at iteration #2, type ICESTORM_LC: wirelen solved = 1035, spread = 1360, legal = 1477; time = 0.01s
Info:     at iteration #2, type SB_GB: wirelen solved = 1470, spread = 1470, legal = 1477; time = 0.00s
Info:     at iteration #2, type ICESTORM_RAM: wirelen solved = 1065, spread = 1397, legal = 1479; time = 0.00s
Info:     at iteration #2, type ALL: wirelen solved = 453, spread = 1252, legal = 1504; time = 0.01s
Info:     at iteration #3, type ICESTORM_LC: wirelen solved = 1056, spread = 1343, legal = 1447; time = 0.01s
Info:     at iteration #3, type SB_GB: wirelen solved = 1438, spread = 1438, legal = 1447; time = 0.00s
Info:     at iteration #3, type ICESTORM_RAM: wirelen solved = 1076, spread = 1419, legal = 1567; time = 0.00s
Info:     at iteration #3, type ALL: wirelen solved = 469, spread = 1211, legal = 1514; time = 0.01s
Info:     at iteration #4, type ICESTORM_LC: wirelen solved = 1067, spread = 1338, legal = 1470; time = 0.01s
Info:     at iteration #4, type SB_GB: wirelen solved = 1460, spread = 1460, legal = 1470; time = 0.00s
Info:     at iteration #4, type ICESTORM_RAM: wirelen solved = 1076, spread = 1488, legal = 1512; time = 0.00s
Info:     at iteration #4, type ALL: wirelen solved = 491, spread = 1288, legal = 1571; time = 0.01s
Info:     at iteration #5, type ICESTORM_LC: wirelen solved = 1057, spread = 1318, legal = 1466; time = 0.01s
Info:     at iteration #5, type SB_GB: wirelen solved = 1457, spread = 1457, legal = 1466; time = 0.00s
Info:     at iteration #5, type ICESTORM_RAM: wirelen solved = 1077, spread = 1478, legal = 1500; time = 0.00s
Info:     at iteration #5, type ALL: wirelen solved = 518, spread = 1318, legal = 1517; time = 0.01s
Info:     at iteration #6, type ICESTORM_LC: wirelen solved = 1074, spread = 1274, legal = 1418; time = 0.01s
Info:     at iteration #6, type SB_GB: wirelen solved = 1411, spread = 1411, legal = 1418; time = 0.00s
Info:     at iteration #6, type ICESTORM_RAM: wirelen solved = 1066, spread = 1468, legal = 1536; time = 0.00s
Info:     at iteration #6, type ALL: wirelen solved = 543, spread = 1286, legal = 1600; time = 0.01s
Info: HeAP Placer Time: 0.14s
Info:   of which solving equations: 0.10s
Info:   of which spreading cells: 0.01s
Info:   of which strict legalisation: 0.02s

Info: Running simulated annealing placer for refinement.
Info:   at iteration #1: temp = 0.000000, timing cost = 44, wirelen = 1435
Info:   at iteration #5: temp = 0.000000, timing cost = 127, wirelen = 1161
Info:   at iteration #10: temp = 0.000000, timing cost = 114, wirelen = 1095
Info:   at iteration #14: temp = 0.000000, timing cost = 118, wirelen = 1075 
Info: SA placement time 0.11s

Info: Max frequency for clock 'clk$SB_IO_IN_$glb_clk': 96.86 MHz (PASS at 85.00 MHz)

Info: Clock '$PACKER_GND_NET_$glb_clk' has no interior paths

Info: Max delay <async>                       -> posedge clk$SB_IO_IN_$glb_clk: 12.39 ns
Info: Max delay posedge clk$SB_IO_IN_$glb_clk -> <async>                      : 7.30 ns

Info: Slack histogram:
Info:  legend: * represents 1 endpoint(s)
Info:          + represents [1,1) endpoint(s)
Info: [  1440,   1771) |**** 
Info: [  1771,   2102) |** 
Info: [  2102,   2433) | 
Info: [  2433,   2764) |*** 
Info: [  2764,   3095) |***** 
Info: [  3095,   3426) |******* 
Info: [  3426,   3757) |*** 
Info: [  3757,   4088) |**** 
Info: [  4088,   4419) |*** 
Info: [  4419,   4750) |***** 
Info: [  4750,   5081) |* 
Info: [  5081,   5412) |*** 
Info: [  5412,   5743) |***** 
Info: [  5743,   6074) |******************* 
Info: [  6074,   6405) |***************** 
Info: [  6405,   6736) |******************* 
Info: [  6736,   7067) |************************* 
Info: [  7067,   7398) |************************************************************ 
Info: [  7398,   7729) |******************* 
Info: [  7729,   8060) |******************************************* 
Info: Checksum: 0x88a55777

Info: Routing..
Info: Setting up routing queue.
Info: Routing 851 arcs.
Info:            |   (re-)routed arcs  |   delta    | remaining|       time spent     |
Info:    IterCnt |  w/ripup   wo/ripup |  w/r  wo/r |      arcs| batch(sec) total(sec)|
Info:        927 |       61        803 |   61   803 |         0|       0.32       0.32|
Info: Routing complete.
Info: Router1 time 0.32s
Info: Checksum: 0x8623708b

Info: Critical path report for clock 'clk$SB_IO_IN_$glb_clk' (posedge -> posedge):
Info:       type curr  total name
Info:   clk-to-q  1.39  1.39 Source gate_ul_SB_DFFR_Q_D_SB_LUT4_O_I3_SB_DFFR_Q_D_SB_LUT4_O_I3_SB_DFFR_Q_2_D_SB_LUT4_O_I3_SB_CARRY_CO_I1_SB_LUT4_O_I3_SB_LUT4_I2_O_SB_LUT4_O_I2_SB_LUT4_O_I3_SB_DFFER_Q_DFFLC.O
Info:    routing  1.76  3.15 Net gate_ul_SB_DFFR_Q_D_SB_LUT4_O_I3_SB_DFFR_Q_D_SB_LUT4_O_I3_SB_DFFR_Q_2_D_SB_LUT4_O_I3_SB_CARRY_CO_I1_SB_LUT4_O_I3_SB_LUT4_I2_O_SB_LUT4_O_I2_SB_LUT4_O_I3 (10,2) -> (10,2)
Info:                          Sink gate_ul_SB_DFFR_Q_D_SB_LUT4_O_I3_SB_DFFR_Q_D_SB_LUT4_O_I3_SB_DFFR_Q_2_D_SB_LUT4_O_I3_SB_CARRY_CO_I1_SB_LUT4_O_I3_SB_LUT4_I2_O_SB_LUT4_O_I2_SB_LUT4_O_LC.I3
Info:                          Defined in:
Info:                               /usr/local/bin/../share/yosys/ice40/cells_map.v:6.21-6.22
Info:      logic  0.87  4.03 Source gate_ul_SB_DFFR_Q_D_SB_LUT4_O_I3_SB_DFFR_Q_D_SB_LUT4_O_I3_SB_DFFR_Q_2_D_SB_LUT4_O_I3_SB_CARRY_CO_I1_SB_LUT4_O_I3_SB_LUT4_I2_O_SB_LUT4_O_I2_SB_LUT4_O_LC.O
Info:    routing  1.76  5.79 Net gate_ul_SB_DFFR_Q_D_SB_LUT4_O_I3_SB_DFFR_Q_D_SB_LUT4_O_I3_SB_DFFR_Q_2_D_SB_LUT4_O_I3_SB_CARRY_CO_I1_SB_LUT4_O_I3_SB_LUT4_I2_O_SB_LUT4_O_I2[2] (10,2) -> (9,2)
Info:                          Sink gate_ul_SB_DFFR_Q_D_SB_LUT4_O_I3_SB_DFFR_Q_D_SB_LUT4_O_I3_SB_DFFR_Q_2_D_SB_LUT4_O_I3_SB_CARRY_CO_I1_SB_LUT4_O_I3_SB_LUT4_I2_O_SB_LUT4_O_LC.I2
Info:                          Defined in:
Info:                               src/pwm_phase_correct_brams_sym.v:151.31-151.58
Info:                               /usr/local/bin/../share/yosys/ice40/arith_map.v:62.5-70.4
Info:                               /usr/local/bin/../share/yosys/ice40/cells_map.v:6.21-6.22
Info:      logic  1.21  6.99 Source gate_ul_SB_DFFR_Q_D_SB_LUT4_O_I3_SB_DFFR_Q_D_SB_LUT4_O_I3_SB_DFFR_Q_2_D_SB_LUT4_O_I3_SB_CARRY_CO_I1_SB_LUT4_O_I3_SB_LUT4_I2_O_SB_LUT4_O_LC.O
Info:    routing  1.76  8.75 Net gate_ul_SB_DFFR_Q_D_SB_LUT4_O_I3_SB_DFFR_Q_D_SB_LUT4_O_I3_SB_DFFR_Q_2_D_SB_LUT4_O_I3_SB_CARRY_CO_I1_SB_LUT4_O_I3_SB_LUT4_I2_O[0] (9,2) -> (9,2)
Info:                          Sink gate_ul_SB_DFFR_Q_D_SB_LUT4_O_I3_SB_DFFR_Q_D_SB_LUT4_O_I3_SB_DFFR_Q_1_D_SB_LUT4_O_LC.I1
Info:                          Defined in:
Info:                               /usr/local/bin/../share/yosys/ice40/cells_map.v:6.21-6.22
Info:      setup  1.18  9.93 Source gate_ul_SB_DFFR_Q_D_SB_LUT4_O_I3_SB_DFFR_Q_D_SB_LUT4_O_I3_SB_DFFR_Q_1_D_SB_LUT4_O_LC.I1
Info: 4.65 ns logic, 5.28 ns routing

Info: Critical path report for cross-domain path '<async>' -> 'posedge clk$SB_IO_IN_$glb_clk':
Info:       type curr  total name
Info:     source  0.00  0.00 Source bus_ctrl[0]$sb_io.D_IN_0
Info:    routing  6.84  6.84 Net bus_ctrl[0]$SB_IO_IN (9,31) -> (11,1)
Info:                          Sink bus_ctrl_SB_LUT4_I3_2_LC.I3
Info:                          Defined in:
Info:                               src/pwm_phase_correct_brams_sym.v:38.24-38.32
Info:      logic  0.87  7.72 Source bus_ctrl_SB_LUT4_I3_2_LC.O
Info:    routing  3.43  11.15 Net gate_wl_SB_DFFR_Q_D_SB_LUT4_O_I3_SB_DFFR_Q_D_SB_LUT4_O_I3_SB_DFFR_Q_D_SB_LUT4_O_I3_SB_CARRY_CO_I1_SB_LUT4_O_I3_SB_DFFER_Q_E (11,1) -> (14,1)
Info:                          Sink gate_wl_SB_DFFR_Q_D_SB_LUT4_O_I3_SB_DFFR_Q_D_SB_LUT4_O_I3_SB_DFFR_Q_2_D_SB_LUT4_O_I3_SB_CARRY_CO_CI_SB_CARRY_CO_I1_SB_LUT4_O_I3_SB_DFFER_Q_DFFLC.CEN
Info:                          Defined in:
Info:                               src/pwm_phase_correct_brams_sym.v:56.5-72.8
Info:                               /usr/local/bin/../share/yosys/ice40/ff_map.v:14.63-14.116
Info:                               /usr/local/bin/../share/yosys/ice40/cells_sim.v:656.8-656.9
Info:      setup  0.10  11.25 Source gate_wl_SB_DFFR_Q_D_SB_LUT4_O_I3_SB_DFFR_Q_D_SB_LUT4_O_I3_SB_DFFR_Q_2_D_SB_LUT4_O_I3_SB_CARRY_CO_CI_SB_CARRY_CO_I1_SB_LUT4_O_I3_SB_DFFER_Q_DFFLC.CEN
Info: 0.97 ns logic, 10.27 ns routing

Info: Critical path report for cross-domain path 'posedge clk$SB_IO_IN_$glb_clk' -> '<async>':
Info:       type curr  total name
Info:   clk-to-q  1.39  1.39 Source gate_vl_SB_DFFR_Q_D_SB_LUT4_O_LC.O
Info:    routing  6.95  8.34 Net gate_vl$SB_IO_OUT (9,5) -> (8,31)
Info:                          Sink gate_vl$sb_io.D_OUT_0
Info:                          Defined in:
Info:                               src/pwm_phase_correct_brams_sym.v:44.24-44.31
Info: 1.39 ns logic, 6.95 ns routing

Info: Max frequency for clock 'clk$SB_IO_IN_$glb_clk': 100.67 MHz (PASS at 85.00 MHz)

Info: Clock '$PACKER_GND_NET_$glb_clk' has no interior paths

Info: Max delay <async>                       -> posedge clk$SB_IO_IN_$glb_clk: 11.25 ns
Info: Max delay posedge clk$SB_IO_IN_$glb_clk -> <async>                      : 8.34 ns

Info: Slack histogram:
Info:  legend: * represents 1 endpoint(s)
Info:          + represents [1,1) endpoint(s)
Info: [  1831,   2140) |****** 
Info: [  2140,   2449) |* 
Info: [  2449,   2758) |***** 
Info: [  2758,   3067) |*********** 
Info: [  3067,   3376) |**** 
Info: [  3376,   3685) |**** 
Info: [  3685,   3994) |** 
Info: [  3994,   4303) |** 
Info: [  4303,   4612) |**** 
Info: [  4612,   4921) |** 
Info: [  4921,   5230) |**** 
Info: [  5230,   5539) |* 
Info: [  5539,   5848) |******* 
Info: [  5848,   6157) |************************** 
Info: [  6157,   6466) |************************************************* 
Info: [  6466,   6775) |************************** 
Info: [  6775,   7084) |***************** 
Info: [  7084,   7393) |************************************************** 
Info: [  7393,   7702) |***************** 
Info: [  7702,   8011) |********* 
1 warning, 0 errors

Info: Program finished normally.
