Warning: No PCF file specified; IO pins will be placed automatically

Info: Packing constants..
Info: Packing IOs..
Info: Packing LUT-FFs..
Info:      136 LCs used as LUT4 only
Info:       67 LCs used as LUT4 and DFF
Info: Packing non-LUT FFs..
Info:      103 LCs used as DFF only
Info: Packing carries..
Info:       90 LCs used as CARRY only
Info: Packing indirect carry+LUT pairs...
Info:       90 LUTs merged into carry LCs
Info: Packing RAMs..
Info: Placing PLLs..
Info: Packing special functions..
Info: Packing PLLs..
Info: Promoting globals..
Info: promoting clk$SB_IO_IN (fanout 183)
Info: promoting rst_n_SB_LUT4_I3_O [reset] (fanout 156)
Info: promoting $PACKER_GND_NET (fanout 13)
Info: Constraining chains...
Info:        1 LCs used to legalise carry chains.
Info: Checksum: 0xbd0d5cb7

Info: Device utilisation:
Info: 	         ICESTORM_LC:     309/   5280     5%
Info: 	        ICESTORM_RAM:      13/     30    43%
Info: 	               SB_IO:      24/     39    61%
Info: 	               SB_GB:       3/      8    37%
Info: 	        ICESTORM_PLL:       0/      1     0%
Info: 	         SB_WARMBOOT:       0/      1     0%
Info: 	        ICESTORM_DSP:       0/      8     0%
Info: 	      ICESTORM_HFOSC:       0/      1     0%
Info: 	      ICESTORM_LFOSC:       0/      1     0%
Info: 	              SB_I2C:       0/      2     0%
Info: 	              SB_SPI:       0/      2     0%
Info: 	              IO_I3C:       0/      2     0%
Info: 	         SB_LEDDA_IP:       0/      1     0%
Info: 	         SB_RGBA_DRV:       0/      1     0%
Info: 	      ICESTORM_SPRAM:       0/      4     0%

Info: Placed 0 cells based on constraints.
Info: Creating initial analytic placement for 215 cells, random placement wirelen = 6290.
Info:     at initial placer iter 0, wirelen = 456
Info:     at initial placer iter 1, wirelen = 465
Info:     at initial placer iter 2, wirelen = 431
Info:     at initial placer iter 3, wirelen = 429
Info: Running main analytical placer, max placement attempts per cell = 15225.
Info:     at iteration #1, type ICESTORM_LC: wirelen solved = 483, spread = 1087, legal = 1272; time = 0.01s
Info:     at iteration #1, type SB_GB: wirelen solved = 1271, spread = 1271, legal = 1277; time = 0.00s
Info:     at iteration #1, type ICESTORM_RAM: wirelen solved = 1256, spread = 1755, legal = 1947; time = 0.00s
Info:     at iteration #1, type ALL: wirelen solved = 434, spread = 1742, legal = 2081; time = 0.01s
Info:     at iteration #2, type ICESTORM_LC: wirelen solved = 1100, spread = 1587, legal = 1738; time = 0.01s
Info:     at iteration #2, type SB_GB: wirelen solved = 1732, spread = 1732, legal = 1738; time = 0.00s
Info:     at iteration #2, type ICESTORM_RAM: wirelen solved = 1546, spread = 1758, legal = 1780; time = 0.00s
Info:     at iteration #2, type ALL: wirelen solved = 490, spread = 1536, legal = 1825; time = 0.01s
Info:     at iteration #3, type ICESTORM_LC: wirelen solved = 1158, spread = 1540, legal = 1759; time = 0.01s
Info:     at iteration #3, type SB_GB: wirelen solved = 1755, spread = 1755, legal = 1759; time = 0.00s
Info:     at iteration #3, type ICESTORM_RAM: wirelen solved = 1518, spread = 1799, legal = 1817; time = 0.00s
Info:     at iteration #3, type ALL: wirelen solved = 521, spread = 1547, legal = 1939; time = 0.01s
Info:     at iteration #4, type ICESTORM_LC: wirelen solved = 1144, spread = 1532, legal = 1837; time = 0.01s
Info:     at iteration #4, type SB_GB: wirelen solved = 1833, spread = 1833, legal = 1837; time = 0.00s
Info:     at iteration #4, type ICESTORM_RAM: wirelen solved = 1551, spread = 1925, legal = 1993; time = 0.00s
Info:     at iteration #4, type ALL: wirelen solved = 522, spread = 1500, legal = 1800; time = 0.01s
Info:     at iteration #5, type ICESTORM_LC: wirelen solved = 1177, spread = 1563, legal = 1696; time = 0.01s
Info:     at iteration #5, type SB_GB: wirelen solved = 1690, spread = 1690, legal = 1697; time = 0.00s
Info:     at iteration #5, type ICESTORM_RAM: wirelen solved = 1412, spread = 1729, legal = 1727; time = 0.00s
Info:     at iteration #5, type ALL: wirelen solved = 582, spread = 1473, legal = 1805; time = 0.01s
Info:     at iteration #6, type ICESTORM_LC: wirelen solved = 1191, spread = 1598, legal = 1756; time = 0.01s
Info:     at iteration #6, type SB_GB: wirelen solved = 1750, spread = 1750, legal = 1756; time = 0.00s
Info:     at iteration #6, type ICESTORM_RAM: wirelen solved = 1469, spread = 1776, legal = 1826; time = 0.00s
Info:     at iteration #6, type ALL: wirelen solved = 629, spread = 1491, legal = 1778; time = 0.01s
Info:     at iteration #7, type ICESTORM_LC: wirelen solved = 1207, spread = 1565, legal = 1707; time = 0.01s
Info:     at iteration #7, type SB_GB: wirelen solved = 1701, spread = 1701, legal = 1707; time = 0.00s
Info:     at iteration #7, type ICESTORM_RAM: wirelen solved = 1348, spread = 1621, legal = 1733; time = 0.00s
Info:     at iteration #7, type ALL: wirelen solved = 628, spread = 1537, legal = 1807; time = 0.01s
Info:     at iteration #8, type ICESTORM_LC: wirelen solved = 1271, spread = 1617, legal = 1722; time = 0.01s
Info:     at iteration #8, type SB_GB: wirelen solved = 1718, spread = 1718, legal = 1722; time = 0.00s
Info:     at iteration #8, type ICESTORM_RAM: wirelen solved = 1392, spread = 1656, legal = 1776; time = 0.00s
Info:     at iteration #8, type ALL: wirelen solved = 678, spread = 1595, legal = 1849; time = 0.01s
Info:     at iteration #9, type ICESTORM_LC: wirelen solved = 1300, spread = 1573, legal = 1807; time = 0.01s
Info:     at iteration #9, type SB_GB: wirelen solved = 1803, spread = 1803, legal = 1807; time = 0.00s
Info:     at iteration #9, type ICESTORM_RAM: wirelen solved = 1457, spread = 1841, legal = 1885; time = 0.00s
Info:     at iteration #9, type ALL: wirelen solved = 714, spread = 1606, legal = 1856; time = 0.01s
Info:     at iteration #10, type ICESTORM_LC: wirelen solved = 1345, spread = 1589, legal = 1777; time = 0.01s
Info:     at iteration #10, type SB_GB: wirelen solved = 1774, spread = 1774, legal = 1777; time = 0.00s
Info:     at iteration #10, type ICESTORM_RAM: wirelen solved = 1433, spread = 1775, legal = 1791; time = 0.00s
Info:     at iteration #10, type ALL: wirelen solved = 730, spread = 1634, legal = 1887; time = 0.01s
Info:     at iteration #11, type ICESTORM_LC: wirelen solved = 1375, spread = 1628, legal = 1829; time = 0.01s
Info:     at iteration #11, type SB_GB: wirelen solved = 1826, spread = 1826, legal = 1829; time = 0.00s
Info:     at iteration #11, type ICESTORM_RAM: wirelen solved = 1405, spread = 1803, legal = 1851; time = 0.00s
Info:     at iteration #11, type ALL: wirelen solved = 777, spread = 1644, legal = 1838; time = 0.01s
Info: HeAP Placer Time: 0.34s
Info:   of which solving equations: 0.24s
Info:   of which spreading cells: 0.02s
Info:   of which strict legalisation: 0.04s

Info: Running simulated annealing placer for refinement.
Info:   at iteration #1: temp = 0.000000, timing cost = 130, wirelen = 1778
Info:   at iteration #5: temp = 0.000000, timing cost = 95, wirelen = 1491
Info:   at iteration #10: temp = 0.000000, timing cost = 91, wirelen = 1421
Info:   at iteration #15: temp = 0.000000, timing cost = 84, wirelen = 1373
Info:   at iteration #20: temp = 0.000000, timing cost = 84, wirelen = 1351
Info:   at iteration #21: temp = 0.000000, timing cost = 85, wirelen = 1348 
Info: SA placement time 0.22s

Info: Max frequency for clock 'clk$SB_IO_IN_$glb_clk': 92.40 MHz (PASS at 85.00 MHz)

Info: Clock '$PACKER_GND_NET_$glb_clk' has no interior paths

Info: Max delay <async>                       -> posedge clk$SB_IO_IN_$glb_clk: 14.22 ns
Info: Max delay posedge clk$SB_IO_IN_$glb_clk -> <async>                      : 7.17 ns

Info: Slack histogram:
Info:  legend: * represents 1 endpoint(s)
Info:          + represents [1,1) endpoint(s)
Info: [   942,   1346) |+
Info: [  1346,   1750) |*******+
Info: [  1750,   2154) |+
Info: [  2154,   2558) |+
Info: [  2558,   2962) |***+
Info: [  2962,   3366) |*************+
Info: [  3366,   3770) |***+
Info: [  3770,   4174) |********+
Info: [  4174,   4578) |****************+
Info: [  4578,   4982) |**********+
Info: [  4982,   5386) |******+
Info: [  5386,   5790) |****************+
Info: [  5790,   6194) |********************+
Info: [  6194,   6598) |************************************************************ 
Info: [  6598,   7002) |*****************+
Info: [  7002,   7406) |**************+
Info: [  7406,   7810) |********************************+
Info: [  7810,   8214) |*********************************+
Info: [  8214,   8618) | 
Info: [  8618,   9022) |*+
Info: Checksum: 0x2e680bb8

Info: Routing..
Info: Setting up routing queue.
Info: Routing 1142 arcs.
Info:            |   (re-)routed arcs  |   delta    | remaining|       time spent     |
Info:    IterCnt |  w/ripup   wo/ripup |  w/r  wo/r |      arcs| batch(sec) total(sec)|
Info:       1000 |      122        787 |  122   787 |       276|       0.22       0.22|
Info:       1333 |      160       1083 |   38   296 |         0|       0.19       0.42|
Info: Routing complete.
Info: Router1 time 0.42s
Info: Checksum: 0xeb52aa62

Info: Critical path report for clock 'clk$SB_IO_IN_$glb_clk' (posedge -> posedge):
Info:       type curr  total name
Info:   clk-to-q  1.39  1.39 Source s1_direction_SB_DFFR_D_Q_SB_DFFR_Q_1_D_SB_LUT4_O_I3_SB_DFFR_Q_2_D_SB_LUT4_O_I3_SB_CARRY_CO_I1_SB_LUT4_O_I3_SB_LUT4_I2_O_SB_LUT4_O_1_I2_SB_LUT4_O_I3_SB_DFFER_Q_DFFLC.O
Info:    routing  1.76  3.15 Net s1_direction_SB_DFFR_D_Q_SB_DFFR_Q_1_D_SB_LUT4_O_I3_SB_DFFR_Q_2_D_SB_LUT4_O_I3_SB_CARRY_CO_I1_SB_LUT4_O_I3_SB_LUT4_I2_O_SB_LUT4_O_1_I2_SB_LUT4_O_I3 (5,1) -> (5,1)
Info:                          Sink s1_direction_SB_DFFR_D_Q_SB_DFFR_Q_1_D_SB_LUT4_O_I3_SB_DFFR_Q_2_D_SB_LUT4_O_I3_SB_CARRY_CO_I1_SB_LUT4_O_I3_SB_LUT4_I2_O_SB_LUT4_O_1_I2_SB_LUT4_O_LC.I3
Info:                          Defined in:
Info:                               /usr/local/bin/../share/yosys/ice40/cells_map.v:6.21-6.22
Info:      logic  0.87  4.03 Source s1_direction_SB_DFFR_D_Q_SB_DFFR_Q_1_D_SB_LUT4_O_I3_SB_DFFR_Q_2_D_SB_LUT4_O_I3_SB_CARRY_CO_I1_SB_LUT4_O_I3_SB_LUT4_I2_O_SB_LUT4_O_1_I2_SB_LUT4_O_LC.O
Info:    routing  2.30  6.33 Net s1_direction_SB_DFFR_D_Q_SB_DFFR_Q_1_D_SB_LUT4_O_I3_SB_DFFR_Q_2_D_SB_LUT4_O_I3_SB_CARRY_CO_I1_SB_LUT4_O_I3_SB_LUT4_I2_O_SB_LUT4_O_1_I2[2] (5,1) -> (7,1)
Info:                          Sink s1_direction_SB_DFFR_D_Q_SB_DFFR_Q_1_D_SB_LUT4_O_I3_SB_DFFR_Q_2_D_SB_LUT4_O_I3_SB_CARRY_CO_I1_SB_LUT4_O_I3_SB_LUT4_I2_O_SB_LUT4_O_1_LC.I2
Info:                          Defined in:
Info:                               src/pwm_phase_correct_brams.v:294.33-294.56
Info:                               /usr/local/bin/../share/yosys/ice40/arith_map.v:62.5-70.4
Info:                               /usr/local/bin/../share/yosys/ice40/cells_map.v:6.21-6.22
Info:      logic  1.21  7.53 Source s1_direction_SB_DFFR_D_Q_SB_DFFR_Q_1_D_SB_LUT4_O_I3_SB_DFFR_Q_2_D_SB_LUT4_O_I3_SB_CARRY_CO_I1_SB_LUT4_O_I3_SB_LUT4_I2_O_SB_LUT4_O_1_LC.O
Info:    routing  1.76  9.30 Net s1_direction_SB_DFFR_D_Q_SB_DFFR_Q_1_D_SB_LUT4_O_I3_SB_DFFR_Q_2_D_SB_LUT4_O_I3_SB_CARRY_CO_I1_SB_LUT4_O_I3_SB_LUT4_I2_O[0] (7,1) -> (7,1)
Info:                          Sink s1_direction_SB_DFFR_D_Q_SB_DFFR_Q_1_D_SB_LUT4_O_I3_SB_DFFR_Q_1_D_SB_LUT4_O_LC.I1
Info:                          Defined in:
Info:                               /usr/local/bin/../share/yosys/ice40/cells_map.v:6.21-6.22
Info:      setup  1.18  10.48 Source s1_direction_SB_DFFR_D_Q_SB_DFFR_Q_1_D_SB_LUT4_O_I3_SB_DFFR_Q_1_D_SB_LUT4_O_LC.I1
Info: 4.65 ns logic, 5.83 ns routing

Info: Critical path report for cross-domain path '<async>' -> 'posedge clk$SB_IO_IN_$glb_clk':
Info:       type curr  total name
Info:     source  0.00  0.00 Source bus_ctrl[3]$sb_io.D_IN_0
Info:    routing  6.93  6.93 Net bus_ctrl[3]$SB_IO_IN (6,31) -> (8,4)
Info:                          Sink gate_vh_SB_DFFR_Q_D_SB_LUT4_O_I1_SB_DFFR_Q_1_D_SB_LUT4_O_I3_SB_DFFR_Q_D_SB_LUT4_O_I3_SB_CARRY_CO_I1_SB_LUT4_O_I3_SB_DFFER_Q_E_SB_LUT4_O_LC.I0
Info:                          Defined in:
Info:                               src/pwm_phase_correct_brams.v:30.24-30.32
Info:      logic  1.28  8.22 Source gate_vh_SB_DFFR_Q_D_SB_LUT4_O_I1_SB_DFFR_Q_1_D_SB_LUT4_O_I3_SB_DFFR_Q_D_SB_LUT4_O_I3_SB_CARRY_CO_I1_SB_LUT4_O_I3_SB_DFFER_Q_E_SB_LUT4_O_LC.O
Info:    routing  3.64  11.86 Net gate_vh_SB_DFFR_Q_D_SB_LUT4_O_I1_SB_DFFR_Q_1_D_SB_LUT4_O_I3_SB_DFFR_Q_D_SB_LUT4_O_I3_SB_CARRY_CO_I1_SB_LUT4_O_I3_SB_DFFER_Q_E (8,4) -> (9,6)
Info:                          Sink gate_vh_SB_DFFR_Q_D_SB_LUT4_O_I1_SB_DFFR_Q_1_D_SB_LUT4_O_I3_SB_DFFR_Q_D_SB_LUT4_O_I3_SB_CARRY_CO_CI_SB_CARRY_CO_CI_SB_CARRY_CO_CI_SB_CARRY_CO_CI_SB_CARRY_CO_CI_SB_CARRY_CO_I1_SB_LUT4_O_I3_SB_DFFER_Q_DFFLC.CEN
Info:                          Defined in:
Info:                               src/pwm_phase_correct_brams.v:55.5-86.8
Info:                               /usr/local/bin/../share/yosys/ice40/ff_map.v:14.63-14.116
Info:                               /usr/local/bin/../share/yosys/ice40/cells_sim.v:656.8-656.9
Info:      setup  0.10  11.96 Source gate_vh_SB_DFFR_Q_D_SB_LUT4_O_I1_SB_DFFR_Q_1_D_SB_LUT4_O_I3_SB_DFFR_Q_D_SB_LUT4_O_I3_SB_CARRY_CO_CI_SB_CARRY_CO_CI_SB_CARRY_CO_CI_SB_CARRY_CO_CI_SB_CARRY_CO_CI_SB_CARRY_CO_I1_SB_LUT4_O_I3_SB_DFFER_Q_DFFLC.CEN
Info: 1.38 ns logic, 10.57 ns routing

Info: Critical path report for cross-domain path 'posedge clk$SB_IO_IN_$glb_clk' -> '<async>':
Info:       type curr  total name
Info:   clk-to-q  1.39  1.39 Source gate_uh_SB_DFFR_Q_D_SB_LUT4_O_LC.O
Info:    routing  5.45  6.84 Net gate_uh$SB_IO_OUT (8,5) -> (8,31)
Info:                          Sink gate_uh$sb_io.D_OUT_0
Info:                          Defined in:
Info:                               src/pwm_phase_correct_brams.v:33.24-33.31
Info: 1.39 ns logic, 5.45 ns routing

Info: Max frequency for clock 'clk$SB_IO_IN_$glb_clk': 95.46 MHz (PASS at 85.00 MHz)

Info: Clock '$PACKER_GND_NET_$glb_clk' has no interior paths

Info: Max delay <async>                       -> posedge clk$SB_IO_IN_$glb_clk: 11.96 ns
Info: Max delay posedge clk$SB_IO_IN_$glb_clk -> <async>                      : 6.84 ns

Info: Slack histogram:
Info:  legend: * represents 1 endpoint(s)
Info:          + represents [1,1) endpoint(s)
Info: [  1288,   1624) |+
Info: [  1624,   1960) |*****+
Info: [  1960,   2296) |*+
Info: [  2296,   2632) |****+
Info: [  2632,   2968) |*****+
Info: [  2968,   3304) |*+
Info: [  3304,   3640) |***+
Info: [  3640,   3976) |**+
Info: [  3976,   4312) |**+
Info: [  4312,   4648) |**+
Info: [  4648,   4984) |**+
Info: [  4984,   5320) |*+
Info: [  5320,   5656) |*****+
Info: [  5656,   5992) |***+
Info: [  5992,   6328) |**********************************+
Info: [  6328,   6664) |******+
Info: [  6664,   7000) |************************************************************ 
Info: [  7000,   7336) |**+
Info: [  7336,   7672) |******************+
Info: [  7672,   8008) |*****+
1 warning, 0 errors

Info: Program finished normally.
