Warning: No PCF file specified; IO pins will be placed automatically

Info: Packing constants..
Info: Packing IOs..
Info: Packing LUT-FFs..
Info:      112 LCs used as LUT4 only
Info:       89 LCs used as LUT4 and DFF
Info: Packing non-LUT FFs..
Info:       68 LCs used as DFF only
Info: Packing carries..
Info:      120 LCs used as CARRY only
Info: Packing indirect carry+LUT pairs...
Info:       60 LUTs merged into carry LCs
Info: Packing RAMs..
Info: Placing PLLs..
Info: Packing special functions..
Info: Packing PLLs..
Info: Promoting globals..
Info: promoting clk$SB_IO_IN (fanout 157)
Info: promoting rst_n_SB_LUT4_I3_O [reset] (fanout 157)
Info: Constraining chains...
Info:        3 LCs used to legalise carry chains.
Info: Checksum: 0xc5d79b8f

Info: Device utilisation:
Info: 	         ICESTORM_LC:     334/   5280     6%
Info: 	        ICESTORM_RAM:       0/     30     0%
Info: 	               SB_IO:      23/     39    58%
Info: 	               SB_GB:       2/      8    25%
Info: 	        ICESTORM_PLL:       0/      1     0%
Info: 	         SB_WARMBOOT:       0/      1     0%
Info: 	        ICESTORM_DSP:       0/      8     0%
Info: 	      ICESTORM_HFOSC:       0/      1     0%
Info: 	      ICESTORM_LFOSC:       0/      1     0%
Info: 	              SB_I2C:       0/      2     0%
Info: 	              SB_SPI:       0/      2     0%
Info: 	              IO_I3C:       0/      2     0%
Info: 	         SB_LEDDA_IP:       0/      1     0%
Info: 	         SB_RGBA_DRV:       0/      1     0%
Info: 	      ICESTORM_SPRAM:       0/      4     0%

Info: Placed 0 cells based on constraints.
Info: Creating initial analytic placement for 172 cells, random placement wirelen = 6747.
Info:     at initial placer iter 0, wirelen = 489
Info:     at initial placer iter 1, wirelen = 423
Info:     at initial placer iter 2, wirelen = 421
Info:     at initial placer iter 3, wirelen = 443
Info: Running main analytical placer, max placement attempts per cell = 16110.
Info:     at iteration #1, type ALL: wirelen solved = 431, spread = 1230, legal = 1375; time = 0.01s
Info:     at iteration #2, type ALL: wirelen solved = 482, spread = 1180, legal = 1342; time = 0.01s
Info:     at iteration #3, type ALL: wirelen solved = 492, spread = 1071, legal = 1241; time = 0.01s
Info:     at iteration #4, type ALL: wirelen solved = 509, spread = 1092, legal = 1274; time = 0.01s
Info:     at iteration #5, type ALL: wirelen solved = 518, spread = 1074, legal = 1234; time = 0.01s
Info:     at iteration #6, type ALL: wirelen solved = 514, spread = 1089, legal = 1274; time = 0.01s
Info:     at iteration #7, type ALL: wirelen solved = 536, spread = 1148, legal = 1303; time = 0.01s
Info:     at iteration #8, type ALL: wirelen solved = 594, spread = 1111, legal = 1295; time = 0.01s
Info:     at iteration #9, type ALL: wirelen solved = 659, spread = 1171, legal = 1269; time = 0.01s
Info:     at iteration #10, type ALL: wirelen solved = 654, spread = 1252, legal = 1395; time = 0.01s
Info: HeAP Placer Time: 0.12s
Info:   of which solving equations: 0.08s
Info:   of which spreading cells: 0.01s
Info:   of which strict legalisation: 0.01s

Info: Running simulated annealing placer for refinement.
Info:   at iteration #1: temp = 0.000000, timing cost = 70, wirelen = 1234
Info:   at iteration #5: temp = 0.000000, timing cost = 107, wirelen = 1115
Info:   at iteration #10: temp = 0.000000, timing cost = 187, wirelen = 1047
Info:   at iteration #15: temp = 0.000000, timing cost = 182, wirelen = 1011
Info:   at iteration #19: temp = 0.000000, timing cost = 181, wirelen = 1002 
Info: SA placement time 0.21s

Info: Max frequency for clock 'clk$SB_IO_IN_$glb_clk': 99.36 MHz (PASS at 85.00 MHz)

Info: Max delay <async>                       -> posedge clk$SB_IO_IN_$glb_clk: 12.62 ns
Info: Max delay posedge clk$SB_IO_IN_$glb_clk -> <async>                      : 7.69 ns

Info: Slack histogram:
Info:  legend: * represents 1 endpoint(s)
Info:          + represents [1,1) endpoint(s)
Info: [  1700,   2012) |********** 
Info: [  2012,   2324) |***** 
Info: [  2324,   2636) | 
Info: [  2636,   2948) |* 
Info: [  2948,   3260) |****** 
Info: [  3260,   3572) |*********************** 
Info: [  3572,   3884) |******** 
Info: [  3884,   4196) |******* 
Info: [  4196,   4508) |******** 
Info: [  4508,   4820) |******** 
Info: [  4820,   5132) |******** 
Info: [  5132,   5444) |****** 
Info: [  5444,   5756) |******** 
Info: [  5756,   6068) |******* 
Info: [  6068,   6380) |********* 
Info: [  6380,   6692) |********** 
Info: [  6692,   7004) |******** 
Info: [  7004,   7316) |*********** 
Info: [  7316,   7628) |******************************** 
Info: [  7628,   7940) |********* 
Info: Checksum: 0x5e66d327

Info: Routing..
Info: Setting up routing queue.
Info: Routing 1001 arcs.
Info:            |   (re-)routed arcs  |   delta    | remaining|       time spent     |
Info:    IterCnt |  w/ripup   wo/ripup |  w/r  wo/r |      arcs| batch(sec) total(sec)|
Info:       1000 |      163        703 |  163   703 |       179|       0.17       0.17|
Info:       1206 |      190        883 |   27   180 |         0|       0.17       0.34|
Info: Routing complete.
Info: Router1 time 0.34s
Info: Checksum: 0x0bebccac

Info: Critical path report for clock 'clk$SB_IO_IN_$glb_clk' (posedge -> posedge):
Info:       type curr  total name
Info:   clk-to-q  1.39  1.39 Source dir_d0_SB_DFFR_D_Q_SB_DFFR_Q_D_SB_LUT4_O_I3_SB_DFFR_Q_2_D_SB_LUT4_O_I3_SB_CARRY_CO_I1_SB_LUT4_O_I3_SB_LUT4_I0_O_SB_LUT4_O_I2_SB_LUT4_O_I3_SB_DFFER_Q_DFFLC.O
Info:    routing  1.76  3.15 Net dir_d0_SB_DFFR_D_Q_SB_DFFR_Q_D_SB_LUT4_O_I3_SB_DFFR_Q_2_D_SB_LUT4_O_I3_SB_CARRY_CO_I1_SB_LUT4_O_I3_SB_LUT4_I0_O_SB_LUT4_O_I2_SB_LUT4_O_I3 (9,24) -> (9,24)
Info:                          Sink dir_d0_SB_DFFR_D_Q_SB_DFFR_Q_D_SB_LUT4_O_I3_SB_DFFR_Q_2_D_SB_LUT4_O_I3_SB_CARRY_CO_I1_SB_LUT4_O_I3_SB_LUT4_I0_O_SB_LUT4_O_I2_SB_LUT4_O_LC.I3
Info:                          Defined in:
Info:                               /usr/local/bin/../share/yosys/ice40/cells_map.v:6.21-6.22
Info:      logic  0.87  4.03 Source dir_d0_SB_DFFR_D_Q_SB_DFFR_Q_D_SB_LUT4_O_I3_SB_DFFR_Q_2_D_SB_LUT4_O_I3_SB_CARRY_CO_I1_SB_LUT4_O_I3_SB_LUT4_I0_O_SB_LUT4_O_I2_SB_LUT4_O_LC.O
Info:    routing  1.76  5.79 Net dir_d0_SB_DFFR_D_Q_SB_DFFR_Q_D_SB_LUT4_O_I3_SB_DFFR_Q_2_D_SB_LUT4_O_I3_SB_CARRY_CO_I1_SB_LUT4_O_I3_SB_LUT4_I0_O_SB_LUT4_O_I2[2] (9,24) -> (8,24)
Info:                          Sink dir_d0_SB_DFFR_D_Q_SB_DFFR_Q_D_SB_LUT4_O_I3_SB_DFFR_Q_2_D_SB_LUT4_O_I3_SB_CARRY_CO_I1_SB_LUT4_O_I3_SB_LUT4_I0_1_O_SB_LUT4_O_LC.I2
Info:                          Defined in:
Info:                               src/pwm_phase_correct_twin_sym.v:156.34-156.66
Info:                               /usr/local/bin/../share/yosys/ice40/arith_map.v:62.5-70.4
Info:                               /usr/local/bin/../share/yosys/ice40/cells_map.v:6.21-6.22
Info:      logic  1.21  6.99 Source dir_d0_SB_DFFR_D_Q_SB_DFFR_Q_D_SB_LUT4_O_I3_SB_DFFR_Q_2_D_SB_LUT4_O_I3_SB_CARRY_CO_I1_SB_LUT4_O_I3_SB_LUT4_I0_1_O_SB_LUT4_O_LC.O
Info:    routing  1.76  8.75 Net dir_d0_SB_DFFR_D_Q_SB_DFFR_Q_D_SB_LUT4_O_I3_SB_DFFR_Q_2_D_SB_LUT4_O_I3_SB_CARRY_CO_I1_SB_LUT4_O_I3_SB_LUT4_I0_1_O[0] (8,24) -> (8,24)
Info:                          Sink dir_d0_SB_DFFR_D_Q_SB_DFFR_Q_1_D_SB_LUT4_O_I3_SB_DFFR_Q_1_D_SB_LUT4_O_LC.I1
Info:                          Defined in:
Info:                               /usr/local/bin/../share/yosys/ice40/cells_map.v:6.21-6.22
Info:      setup  1.18  9.93 Source dir_d0_SB_DFFR_D_Q_SB_DFFR_Q_1_D_SB_LUT4_O_I3_SB_DFFR_Q_1_D_SB_LUT4_O_LC.I1
Info: 4.65 ns logic, 5.28 ns routing

Info: Critical path report for cross-domain path '<async>' -> 'posedge clk$SB_IO_IN_$glb_clk':
Info:       type curr  total name
Info:     source  0.00  0.00 Source bus_ctrl[2]$sb_io.D_IN_0
Info:    routing  6.19  6.19 Net bus_ctrl[2]$SB_IO_IN (9,0) -> (11,22)
Info:                          Sink bus_ctrl_SB_LUT4_I3_5_LC.I1
Info:                          Defined in:
Info:                               src/pwm_phase_correct_twin_sym.v:23.24-23.32
Info:      logic  1.23  7.42 Source bus_ctrl_SB_LUT4_I3_5_LC.O
Info:    routing  3.53  10.96 Net gate_vl_SB_DFFR_Q_D_SB_LUT4_O_I2_SB_DFFR_Q_D_SB_LUT4_O_I3_SB_DFFR_Q_D_SB_LUT4_O_I3_SB_CARRY_CO_I1_SB_LUT4_O_I3_SB_DFFER_Q_E (11,22) -> (13,25)
Info:                          Sink gate_vl_SB_DFFR_Q_D_SB_LUT4_O_I2_SB_DFFR_Q_D_SB_LUT4_O_I3_SB_DFFR_Q_D_SB_LUT4_O_I3_SB_CARRY_CO_I1_SB_LUT4_O_I3_SB_DFFER_Q_E_SB_DFFER_E_DFFLC.CEN
Info:                          Defined in:
Info:                               src/pwm_phase_correct_twin_sym.v:41.5-57.8
Info:                               /usr/local/bin/../share/yosys/ice40/ff_map.v:14.63-14.116
Info:                               /usr/local/bin/../share/yosys/ice40/cells_sim.v:656.8-656.9
Info:      setup  0.10  11.06 Source gate_vl_SB_DFFR_Q_D_SB_LUT4_O_I2_SB_DFFR_Q_D_SB_LUT4_O_I3_SB_DFFR_Q_D_SB_LUT4_O_I3_SB_CARRY_CO_I1_SB_LUT4_O_I3_SB_DFFER_Q_E_SB_DFFER_E_DFFLC.CEN
Info: 1.33 ns logic, 9.73 ns routing

Info: Critical path report for cross-domain path 'posedge clk$SB_IO_IN_$glb_clk' -> '<async>':
Info:       type curr  total name
Info:   clk-to-q  1.39  1.39 Source gate_ul_SB_DFFR_Q_D_SB_LUT4_O_LC.O
Info:    routing  6.74  8.12 Net gate_ul$SB_IO_OUT (10,22) -> (18,0)
Info:                          Sink gate_ul$sb_io.D_OUT_0
Info:                          Defined in:
Info:                               src/pwm_phase_correct_twin_sym.v:27.24-27.31
Info: 1.39 ns logic, 6.74 ns routing

Info: Max frequency for clock 'clk$SB_IO_IN_$glb_clk': 100.67 MHz (PASS at 85.00 MHz)

Info: Max delay <async>                       -> posedge clk$SB_IO_IN_$glb_clk: 11.06 ns
Info: Max delay posedge clk$SB_IO_IN_$glb_clk -> <async>                      : 8.12 ns

Info: Slack histogram:
Info:  legend: * represents 1 endpoint(s)
Info:          + represents [1,1) endpoint(s)
Info: [  1831,   2129) |***************** 
Info: [  2129,   2427) |** 
Info: [  2427,   2725) |******** 
Info: [  2725,   3023) |*********** 
Info: [  3023,   3321) |********* 
Info: [  3321,   3619) |***** 
Info: [  3619,   3917) |*************** 
Info: [  3917,   4215) |********* 
Info: [  4215,   4513) |******* 
Info: [  4513,   4811) |******** 
Info: [  4811,   5109) |****** 
Info: [  5109,   5407) |******* 
Info: [  5407,   5705) |***** 
Info: [  5705,   6003) |*** 
Info: [  6003,   6301) |********* 
Info: [  6301,   6599) |********* 
Info: [  6599,   6897) |******* 
Info: [  6897,   7195) |* 
Info: [  7195,   7493) |************************************ 
Info: [  7493,   7791) |********** 
1 warning, 0 errors

Info: Program finished normally.
